<?xml version="1.0" encoding="UTF-8"?>
<!-- Generated by org.testng.reporters.JUnitXMLReporter -->
<testsuite ignored="0" hostname="VINAY-GS" failures="0" tests="6" name="Command line test" time="0.11" errors="0" timestamp="2022-12-02T13:12:28 IST">
  <testcase classname="qaclickacademy.AppiumTest" name="IOSApps" time="0.012"/>
  <testcase classname="qaclickacademy.AppiumTest" name="NativeAppAndroid" time="0.002"/>
  <testcase classname="qaclickacademy.RESTApiTest" name="deleteTwitter" time="0.001"/>
  <testcase classname="qaclickacademy.RESTApiTest" name="postJira" time="0.001"/>
  <testcase classname="qaclickacademy.SeleniumTest" name="BrowserAutomation" time="0.001"/>
  <testcase classname="qaclickacademy.SeleniumTest" name="ElementUi" time="0.002"/>
</testsuite> <!-- Command line test -->
