<?xml version="1.0" encoding="UTF-8"?>
<testng-results ignored="0" total="6" passed="6" failed="0" skipped="0">
  <reporter-output>
  </reporter-output>
  <suite started-at="2022-12-02T13:12:28 IST" name="Command line suite" finished-at="2022-12-02T13:12:28 IST" duration-ms="110">
    <groups>
    </groups>
    <test started-at="2022-12-02T13:12:28 IST" name="Command line test" finished-at="2022-12-02T13:12:28 IST" duration-ms="110">
      <class name="qaclickacademy.AppiumTest">
        <test-method signature="IOSApps()[pri:0, instance:qaclickacademy.AppiumTest@55a1c291]" started-at="2022-12-02T13:12:28 IST" name="IOSApps" finished-at="2022-12-02T13:12:28 IST" duration-ms="12" status="PASS">
          <reporter-output>
          </reporter-output>
        </test-method> <!-- IOSApps -->
        <test-method signature="NativeAppAndroid()[pri:0, instance:qaclickacademy.AppiumTest@55a1c291]" started-at="2022-12-02T13:12:28 IST" name="NativeAppAndroid" finished-at="2022-12-02T13:12:28 IST" duration-ms="2" status="PASS">
          <reporter-output>
          </reporter-output>
        </test-method> <!-- NativeAppAndroid -->
      </class> <!-- qaclickacademy.AppiumTest -->
      <class name="qaclickacademy.RESTApiTest">
        <test-method signature="deleteTwitter()[pri:0, instance:qaclickacademy.RESTApiTest@75c072cb]" started-at="2022-12-02T13:12:28 IST" name="deleteTwitter" finished-at="2022-12-02T13:12:28 IST" duration-ms="1" status="PASS">
          <reporter-output>
          </reporter-output>
        </test-method> <!-- deleteTwitter -->
        <test-method signature="postJira()[pri:0, instance:qaclickacademy.RESTApiTest@75c072cb]" started-at="2022-12-02T13:12:28 IST" name="postJira" finished-at="2022-12-02T13:12:28 IST" duration-ms="1" status="PASS">
          <reporter-output>
          </reporter-output>
        </test-method> <!-- postJira -->
      </class> <!-- qaclickacademy.RESTApiTest -->
      <class name="qaclickacademy.SeleniumTest">
        <test-method signature="BrowserAutomation()[pri:0, instance:qaclickacademy.SeleniumTest@1f1c7bf6]" started-at="2022-12-02T13:12:28 IST" name="BrowserAutomation" finished-at="2022-12-02T13:12:28 IST" duration-ms="1" status="PASS">
          <reporter-output>
          </reporter-output>
        </test-method> <!-- BrowserAutomation -->
        <test-method signature="ElementUi()[pri:0, instance:qaclickacademy.SeleniumTest@1f1c7bf6]" started-at="2022-12-02T13:12:28 IST" name="ElementUi" finished-at="2022-12-02T13:12:28 IST" duration-ms="2" status="PASS">
          <reporter-output>
          </reporter-output>
        </test-method> <!-- ElementUi -->
      </class> <!-- qaclickacademy.SeleniumTest -->
    </test> <!-- Command line test -->
  </suite> <!-- Command line suite -->
</testng-results>
